
Showing logs for build [32mcb-kubecd-environment-pr-158-46-b6xhw-1[0m stage [32mfrom-build-pack[0m and container [32mstep-credential-initializer-gp4k2[0m
{"level":"warn","ts":1581903729.1998255,"logger":"fallback-logger","caller":"logging/config.go:69","msg":"Fetch GitHub commit ID from kodata failed: \"ref: refs/heads/0.8.0-**-support-backwards-incompats\" is not a valid GitHub commit ID"}
{"level":"info","ts":1581903729.2006183,"logger":"fallback-logger","caller":"creds-init/main.go:40","msg":"Credentials initialized."}

Showing logs for build [32mcb-kubecd-environment-pr-158-46-b6xhw-1[0m stage [32mfrom-build-pack[0m and container [32mstep-working-dir-initializer-4224t[0m
{"level":"warn","ts":1581903730.1739252,"logger":"fallback-logger","caller":"logging/config.go:69","msg":"Fetch GitHub commit ID from kodata failed: open /var/run/ko/HEAD: no such file or directory"}
{"level":"info","ts":1581903730.175924,"logger":"fallback-logger","caller":"bash/main.go:64","msg":"Successfully executed command \"sh -c mkdir -p /workspace/source\"; output "}

Showing logs for build [32mcb-kubecd-environment-pr-158-46-b6xhw-1[0m stage [32mfrom-build-pack[0m and container [32mstep-place-tools[0m

Showing logs for build [32mcb-kubecd-environment-pr-158-46-b6xhw-1[0m stage [32mfrom-build-pack[0m and container [32mstep-git-source-cb-kubecd-environment-pr-158-46-b6xhw-zgnnl[0m
{"level":"warn","ts":1581903735.4036376,"logger":"fallback-logger","caller":"logging/config.go:69","msg":"Fetch GitHub commit ID from kodata failed: \"ref: refs/heads/0.8.0-**-support-backwards-incompats\" is not a valid GitHub commit ID"}
{"level":"info","ts":1581903736.467972,"logger":"fallback-logger","caller":"git/git.go:103","msg":"Successfully cloned https://github.com/cb-kubecd/environment-pr-158-46-boot-gke-staging.git @ master in path /workspace/source"}

Showing logs for build [32mcb-kubecd-environment-pr-158-46-b6xhw-1[0m stage [32mfrom-build-pack[0m and container [32mstep-git-merge[0m
Using SHAs from PULL_REFS=master:6ffa8cea6e931821babe866606b7d4ce7eb65efa,7:6cd1bf444ca79e2ae4b4d3f13465dcdd07822d5b
DEBUG: JX_LOG_LEVEL=error LC_ALL=C git fetch origin --unshallow 6cd1bf444ca79e2ae4b4d3f13465dcdd07822d5b: 6ffa8cea6e931821babe866606b7d4ce7eb65efa:
DEBUG: ran git fetch --unshallow origin 6cd1bf444ca79e2ae4b4d3f13465dcdd07822d5b: 6ffa8cea6e931821babe866606b7d4ce7eb65efa: in 
DEBUG: LC_ALL=C JX_LOG_LEVEL=error git branch
DEBUG: JX_LOG_LEVEL=error LC_ALL=C git checkout master
DEBUG: ran git checkout master in 
DEBUG: LC_ALL=C JX_LOG_LEVEL=error git reset --hard 6ffa8cea6e931821babe866606b7d4ce7eb65efa
DEBUG: ran git reset --hard 6ffa8cea6e931821babe866606b7d4ce7eb65efa in 
DEBUG: LC_ALL=C JX_LOG_LEVEL=error git clean -fd .
DEBUG: ran clean --force -d . in 
DEBUG: LC_ALL=C JX_LOG_LEVEL=error git merge 6cd1bf444ca79e2ae4b4d3f13465dcdd07822d5b
DEBUG: ran git merge 6cd1bf444ca79e2ae4b4d3f13465dcdd07822d5b in 
DEBUG: LC_ALL=C JX_LOG_LEVEL=error git log --format=%H%x1f%an%x1f%ae%x1f%cn%x1f%ce%x1f%s%n%b%x1e 6ffa8cea6e931821babe866606b7d4ce7eb65efa..HEAD
Merged SHA 6cd1bf444ca79e2ae4b4d3f13465dcdd07822d5b with commit message 'chore: Promote bdd-sbhg-import-1581902476 to version 0.0.1' into base branch master

Showing logs for build [32mcb-kubecd-environment-pr-158-46-b6xhw-1[0m stage [32mfrom-build-pack[0m and container [32mstep-build-helm-build[0m
WARNING: No $CHART_REPOSITORY defined so using the default value of: http://jenkins-x-chartmuseum:8080
Adding missing Helm repo: storage.googleapis.com https://storage.googleapis.com/chartmuseum.jenkins-x.io
WARNING: No secrets found on "helm/repos" due: reading the secret "helm/repos" from vault: no secret "helm/repos" not found in vault
Read credentials for https://storage.googleapis.com/chartmuseum.jenkins-x.io from vault helm/repos
Successfully added Helm repository storage.googleapis.com.
Adding missing Helm repo: jenkins-x-chartmuseum http://jenkins-x-chartmuseum:8080
WARNING: No secrets found on "helm/repos" due: reading the secret "helm/repos" from vault: no secret "helm/repos" not found in vault
Read credentials for http://jenkins-x-chartmuseum:8080 from vault helm/repos
Successfully added Helm repository jenkins-x-chartmuseum.
WARNING: No $CHART_REPOSITORY defined so using the default value of: http://jenkins-x-chartmuseum:8080
Adding missing Helm repo: chartmuseum.jenkins-x.io http://chartmuseum.jenkins-x.io
WARNING: No secrets found on "helm/repos" due: reading the secret "helm/repos" from vault: no secret "helm/repos" not found in vault
Read credentials for http://chartmuseum.jenkins-x.io from vault helm/repos
Successfully added Helm repository chartmuseum.jenkins-x.io.
