
Showing logs for build [32mcb-kubecd-environment-pr-158-46-76hzw-1[0m stage [32mfrom-build-pack[0m and container [32mstep-credential-initializer-xbkwg[0m
{"level":"warn","ts":1581903142.2890334,"logger":"fallback-logger","caller":"logging/config.go:69","msg":"Fetch GitHub commit ID from kodata failed: \"ref: refs/heads/0.8.0-**-support-backwards-incompats\" is not a valid GitHub commit ID"}
{"level":"info","ts":1581903142.2900474,"logger":"fallback-logger","caller":"creds-init/main.go:40","msg":"Credentials initialized."}

Showing logs for build [32mcb-kubecd-environment-pr-158-46-76hzw-1[0m stage [32mfrom-build-pack[0m and container [32mstep-working-dir-initializer-j48l8[0m
{"level":"warn","ts":1581903143.2042735,"logger":"fallback-logger","caller":"logging/config.go:69","msg":"Fetch GitHub commit ID from kodata failed: open /var/run/ko/HEAD: no such file or directory"}
{"level":"info","ts":1581903143.2065969,"logger":"fallback-logger","caller":"bash/main.go:64","msg":"Successfully executed command \"sh -c mkdir -p /workspace/source\"; output "}

Showing logs for build [32mcb-kubecd-environment-pr-158-46-76hzw-1[0m stage [32mfrom-build-pack[0m and container [32mstep-place-tools[0m

Showing logs for build [32mcb-kubecd-environment-pr-158-46-76hzw-1[0m stage [32mfrom-build-pack[0m and container [32mstep-git-source-cb-kubecd-environment-pr-158-46-76hzw-76mkq[0m
{"level":"warn","ts":1581903148.395866,"logger":"fallback-logger","caller":"logging/config.go:69","msg":"Fetch GitHub commit ID from kodata failed: \"ref: refs/heads/0.8.0-**-support-backwards-incompats\" is not a valid GitHub commit ID"}
{"level":"info","ts":1581903149.4732556,"logger":"fallback-logger","caller":"git/git.go:103","msg":"Successfully cloned https://github.com/cb-kubecd/environment-pr-158-46-boot-gke-staging.git @ master in path /workspace/source"}

Showing logs for build [32mcb-kubecd-environment-pr-158-46-76hzw-1[0m stage [32mfrom-build-pack[0m and container [32mstep-git-merge[0m
Using SHAs from PULL_REFS=master:685610c4a1771e6034fb77eb1bd7e81c846e0e44,6:f97b85ddc8612e0ea9342b67299fb961f33d3bdb
DEBUG: LC_ALL=C JX_LOG_LEVEL=error git fetch origin --unshallow f97b85ddc8612e0ea9342b67299fb961f33d3bdb: 685610c4a1771e6034fb77eb1bd7e81c846e0e44:
DEBUG: ran git fetch --unshallow origin f97b85ddc8612e0ea9342b67299fb961f33d3bdb: 685610c4a1771e6034fb77eb1bd7e81c846e0e44: in 
DEBUG: LC_ALL=C JX_LOG_LEVEL=error git branch
DEBUG: LC_ALL=C JX_LOG_LEVEL=error git checkout master
DEBUG: ran git checkout master in 
DEBUG: LC_ALL=C JX_LOG_LEVEL=error git reset --hard 685610c4a1771e6034fb77eb1bd7e81c846e0e44
DEBUG: ran git reset --hard 685610c4a1771e6034fb77eb1bd7e81c846e0e44 in 
DEBUG: LC_ALL=C JX_LOG_LEVEL=error git clean -fd .
DEBUG: ran clean --force -d . in 
DEBUG: JX_LOG_LEVEL=error LC_ALL=C git merge f97b85ddc8612e0ea9342b67299fb961f33d3bdb
DEBUG: ran git merge f97b85ddc8612e0ea9342b67299fb961f33d3bdb in 
DEBUG: JX_LOG_LEVEL=error LC_ALL=C git log --format=%H%x1f%an%x1f%ae%x1f%cn%x1f%ce%x1f%s%n%b%x1e 685610c4a1771e6034fb77eb1bd7e81c846e0e44..HEAD
Merged SHA f97b85ddc8612e0ea9342b67299fb961f33d3bdb with commit message 'chore: Promote bdd-ghf**y-import-1581902476 to version 0.0.1' into base branch master

Showing logs for build [32mcb-kubecd-environment-pr-158-46-76hzw-1[0m stage [32mfrom-build-pack[0m and container [32mstep-build-helm-build[0m
WARNING: No $CHART_REPOSITORY defined so using the default value of: http://jenkins-x-chartmuseum:8080
Adding missing Helm repo: storage.googleapis.com https://storage.googleapis.com/chartmuseum.jenkins-x.io
WARNING: No secrets found on "helm/repos" due: reading the secret "helm/repos" from vault: no secret "helm/repos" not found in vault
Read credentials for https://storage.googleapis.com/chartmuseum.jenkins-x.io from vault helm/repos
Successfully added Helm repository storage.googleapis.com.
Adding missing Helm repo: jenkins-x-chartmuseum http://jenkins-x-chartmuseum:8080
WARNING: No secrets found on "helm/repos" due: reading the secret "helm/repos" from vault: no secret "helm/repos" not found in vault
Read credentials for http://jenkins-x-chartmuseum:8080 from vault helm/repos
Successfully added Helm repository jenkins-x-chartmuseum.
WARNING: No $CHART_REPOSITORY defined so using the default value of: http://jenkins-x-chartmuseum:8080
Adding missing Helm repo: chartmuseum.jenkins-x.io http://chartmuseum.jenkins-x.io
WARNING: No secrets found on "helm/repos" due: reading the secret "helm/repos" from vault: no secret "helm/repos" not found in vault
Read credentials for http://chartmuseum.jenkins-x.io from vault helm/repos
Successfully added Helm repository chartmuseum.jenkins-x.io.
