
Showing logs for build [32mcb-kubecd-environment-pr-158-46-mbwlm-1[0m stage [32mfrom-build-pack[0m and container [32mstep-credential-initializer-szjmt[0m
{"level":"warn","ts":1581902036.521659,"logger":"fallback-logger","caller":"logging/config.go:69","msg":"Fetch GitHub commit ID from kodata failed: \"ref: refs/heads/0.8.0-**-support-backwards-incompats\" is not a valid GitHub commit ID"}
{"level":"info","ts":1581902036.5225658,"logger":"fallback-logger","caller":"creds-init/main.go:40","msg":"Credentials initialized."}

Showing logs for build [32mcb-kubecd-environment-pr-158-46-mbwlm-1[0m stage [32mfrom-build-pack[0m and container [32mstep-working-dir-initializer-jtvkc[0m
{"level":"warn","ts":1581902037.5829945,"logger":"fallback-logger","caller":"logging/config.go:69","msg":"Fetch GitHub commit ID from kodata failed: open /var/run/ko/HEAD: no such file or directory"}
{"level":"info","ts":1581902037.590525,"logger":"fallback-logger","caller":"bash/main.go:64","msg":"Successfully executed command \"sh -c mkdir -p /workspace/source\"; output "}

Showing logs for build [32mcb-kubecd-environment-pr-158-46-mbwlm-1[0m stage [32mfrom-build-pack[0m and container [32mstep-place-tools[0m

Showing logs for build [32mcb-kubecd-environment-pr-158-46-mbwlm-1[0m stage [32mfrom-build-pack[0m and container [32mstep-git-source-cb-kubecd-environment-pr-158-46-mbwlm-v8g9t[0m
{"level":"warn","ts":1581902043.9680364,"logger":"fallback-logger","caller":"logging/config.go:69","msg":"Fetch GitHub commit ID from kodata failed: \"ref: refs/heads/0.8.0-**-support-backwards-incompats\" is not a valid GitHub commit ID"}
{"level":"info","ts":1581902045.0802202,"logger":"fallback-logger","caller":"git/git.go:103","msg":"Successfully cloned https://github.com/cb-kubecd/environment-pr-158-46-boot-gke-staging.git @ master in path /workspace/source"}

Showing logs for build [32mcb-kubecd-environment-pr-158-46-mbwlm-1[0m stage [32mfrom-build-pack[0m and container [32mstep-git-merge[0m
Using SHAs from PULL_REFS=master:fa3cc86ce391062a04a31437479d54b815dbcc98,4:ed83c5a5d0e1d577eead6a0462d0e5719862378c
DEBUG: LC_ALL=C JX_LOG_LEVEL=error git fetch origin --unshallow ed83c5a5d0e1d577eead6a0462d0e5719862378c: fa3cc86ce391062a04a31437479d54b815dbcc98:
DEBUG: ran git fetch --unshallow origin ed83c5a5d0e1d577eead6a0462d0e5719862378c: fa3cc86ce391062a04a31437479d54b815dbcc98: in 
DEBUG: JX_LOG_LEVEL=error LC_ALL=C git branch
DEBUG: JX_LOG_LEVEL=error LC_ALL=C git checkout master
DEBUG: ran git checkout master in 
DEBUG: LC_ALL=C JX_LOG_LEVEL=error git reset --hard fa3cc86ce391062a04a31437479d54b815dbcc98
DEBUG: ran git reset --hard fa3cc86ce391062a04a31437479d54b815dbcc98 in 
DEBUG: LC_ALL=C JX_LOG_LEVEL=error git clean -fd .
DEBUG: ran clean --force -d . in 
DEBUG: LC_ALL=C JX_LOG_LEVEL=error git merge ed83c5a5d0e1d577eead6a0462d0e5719862378c
DEBUG: ran git merge ed83c5a5d0e1d577eead6a0462d0e5719862378c in 
DEBUG: LC_ALL=C JX_LOG_LEVEL=error git log --format=%H%x1f%an%x1f%ae%x1f%cn%x1f%ce%x1f%s%n%b%x1e fa3cc86ce391062a04a31437479d54b815dbcc98..HEAD
Merged SHA ed83c5a5d0e1d577eead6a0462d0e5719862378c with commit message 'chore: Promote bdd-gh-1581900177 to version 0.0.1' into base branch master

Showing logs for build [32mcb-kubecd-environment-pr-158-46-mbwlm-1[0m stage [32mfrom-build-pack[0m and container [32mstep-build-helm-build[0m
WARNING: No $CHART_REPOSITORY defined so using the default value of: http://jenkins-x-chartmuseum:8080
Adding missing Helm repo: storage.googleapis.com https://storage.googleapis.com/chartmuseum.jenkins-x.io
WARNING: No secrets found on "helm/repos" due: reading the secret "helm/repos" from vault: no secret "helm/repos" not found in vault
Read credentials for https://storage.googleapis.com/chartmuseum.jenkins-x.io from vault helm/repos
Successfully added Helm repository storage.googleapis.com.
Adding missing Helm repo: jenkins-x-chartmuseum http://jenkins-x-chartmuseum:8080
WARNING: No secrets found on "helm/repos" due: reading the secret "helm/repos" from vault: no secret "helm/repos" not found in vault
Read credentials for http://jenkins-x-chartmuseum:8080 from vault helm/repos
Successfully added Helm repository jenkins-x-chartmuseum.
WARNING: No $CHART_REPOSITORY defined so using the default value of: http://jenkins-x-chartmuseum:8080
Adding missing Helm repo: chartmuseum.jenkins-x.io http://chartmuseum.jenkins-x.io
WARNING: No secrets found on "helm/repos" due: reading the secret "helm/repos" from vault: no secret "helm/repos" not found in vault
Read credentials for http://chartmuseum.jenkins-x.io from vault helm/repos
Successfully added Helm repository chartmuseum.jenkins-x.io.
