
Showing logs for build [32mcb-kubecd-environment-pr-158-46-2ft6m-1[0m stage [32mfrom-build-pack[0m and container [32mstep-credential-initializer-wlgrk[0m
{"level":"warn","ts":1581900470.5033944,"logger":"fallback-logger","caller":"logging/config.go:69","msg":"Fetch GitHub commit ID from kodata failed: \"ref: refs/heads/0.8.0-**-support-backwards-incompats\" is not a valid GitHub commit ID"}
{"level":"info","ts":1581900470.5043375,"logger":"fallback-logger","caller":"creds-init/main.go:40","msg":"Credentials initialized."}

Showing logs for build [32mcb-kubecd-environment-pr-158-46-2ft6m-1[0m stage [32mfrom-build-pack[0m and container [32mstep-working-dir-initializer-2f77k[0m
{"level":"warn","ts":1581900471.8398073,"logger":"fallback-logger","caller":"logging/config.go:69","msg":"Fetch GitHub commit ID from kodata failed: open /var/run/ko/HEAD: no such file or directory"}
{"level":"info","ts":1581900471.8413713,"logger":"fallback-logger","caller":"bash/main.go:64","msg":"Successfully executed command \"sh -c mkdir -p /workspace/source\"; output "}

Showing logs for build [32mcb-kubecd-environment-pr-158-46-2ft6m-1[0m stage [32mfrom-build-pack[0m and container [32mstep-place-tools[0m

Showing logs for build [32mcb-kubecd-environment-pr-158-46-2ft6m-1[0m stage [32mfrom-build-pack[0m and container [32mstep-git-source-cb-kubecd-environment-pr-158-46-2ft6m-nnjvj[0m
{"level":"warn","ts":1581900477.9751167,"logger":"fallback-logger","caller":"logging/config.go:69","msg":"Fetch GitHub commit ID from kodata failed: \"ref: refs/heads/0.8.0-**-support-backwards-incompats\" is not a valid GitHub commit ID"}
{"level":"info","ts":1581900479.083182,"logger":"fallback-logger","caller":"git/git.go:103","msg":"Successfully cloned https://github.com/cb-kubecd/environment-pr-158-46-boot-gke-staging.git @ master in path /workspace/source"}

Showing logs for build [32mcb-kubecd-environment-pr-158-46-2ft6m-1[0m stage [32mfrom-build-pack[0m and container [32mstep-git-merge[0m
Using SHAs from PULL_REFS=master:0e35cf0c1fb276e5aa485e2f76e2024de72e21f5,2:b8ab6b12d900a11560b06065606479888a1da333
DEBUG: JX_LOG_LEVEL=error LC_ALL=C git fetch origin --unshallow b8ab6b12d900a11560b06065606479888a1da333: 0e35cf0c1fb276e5aa485e2f76e2024de72e21f5:
DEBUG: ran git fetch --unshallow origin b8ab6b12d900a11560b06065606479888a1da333: 0e35cf0c1fb276e5aa485e2f76e2024de72e21f5: in 
DEBUG: LC_ALL=C JX_LOG_LEVEL=error git branch
DEBUG: JX_LOG_LEVEL=error LC_ALL=C git checkout master
DEBUG: ran git checkout master in 
DEBUG: LC_ALL=C JX_LOG_LEVEL=error git reset --hard 0e35cf0c1fb276e5aa485e2f76e2024de72e21f5
DEBUG: ran git reset --hard 0e35cf0c1fb276e5aa485e2f76e2024de72e21f5 in 
DEBUG: LC_ALL=C JX_LOG_LEVEL=error git clean -fd .
DEBUG: ran clean --force -d . in 
DEBUG: LC_ALL=C JX_LOG_LEVEL=error git merge b8ab6b12d900a11560b06065606479888a1da333
DEBUG: ran git merge b8ab6b12d900a11560b06065606479888a1da333 in 
DEBUG: LC_ALL=C JX_LOG_LEVEL=error git log --format=%H%x1f%an%x1f%ae%x1f%cn%x1f%ce%x1f%s%n%b%x1e 0e35cf0c1fb276e5aa485e2f76e2024de72e21f5..HEAD
Merged SHA b8ab6b12d900a11560b06065606479888a1da333 with commit message 'chore: Promote bdd-nh-1581900177 to version 0.0.1' into base branch master

Showing logs for build [32mcb-kubecd-environment-pr-158-46-2ft6m-1[0m stage [32mfrom-build-pack[0m and container [32mstep-build-helm-build[0m
WARNING: No $CHART_REPOSITORY defined so using the default value of: http://jenkins-x-chartmuseum:8080
Adding missing Helm repo: storage.googleapis.com https://storage.googleapis.com/chartmuseum.jenkins-x.io
WARNING: No secrets found on "helm/repos" due: reading the secret "helm/repos" from vault: no secret "helm/repos" not found in vault
Read credentials for https://storage.googleapis.com/chartmuseum.jenkins-x.io from vault helm/repos
Successfully added Helm repository storage.googleapis.com.
Adding missing Helm repo: jenkins-x-chartmuseum http://jenkins-x-chartmuseum:8080
WARNING: No secrets found on "helm/repos" due: reading the secret "helm/repos" from vault: no secret "helm/repos" not found in vault
Read credentials for http://jenkins-x-chartmuseum:8080 from vault helm/repos
Successfully added Helm repository jenkins-x-chartmuseum.
WARNING: No $CHART_REPOSITORY defined so using the default value of: http://jenkins-x-chartmuseum:8080
Adding missing Helm repo: chartmuseum.jenkins-x.io http://chartmuseum.jenkins-x.io
WARNING: No secrets found on "helm/repos" due: reading the secret "helm/repos" from vault: no secret "helm/repos" not found in vault
Read credentials for http://chartmuseum.jenkins-x.io from vault helm/repos
Successfully added Helm repository chartmuseum.jenkins-x.io.
